<?xml version="1.0" encoding="UTF-8"?>
<!-- Generated by org.testng.reporters.JUnitReportReporter -->
<testsuite hostname="sony-PC" failures="0" tests="3" name="testpackage.Logintest" time="58.549" errors="0" timestamp="2020-05-24T16:17:12 IST" skipped="0">
  <testcase classname="testpackage.Logintest" name="loginPageTitleTest" time="8.661"/>
  <system-out/>
  <testcase classname="testpackage.Logintest" name="crmLogoImageTest" time="13.919"/>
  <system-out/>
  <testcase classname="testpackage.Logintest" name="loginTest" time="35.969"/>
  <system-out/>
</testsuite> <!-- testpackage.Logintest -->
