<?xml version="1.0" encoding="UTF-8"?>
<!-- Generated by org.testng.reporters.JUnitReportReporter -->
<testsuite hostname="sony-PC" failures="0" tests="2" name="testpackage.Usertest" time="44.180" errors="0" timestamp="2020-05-25T21:34:53 IST" skipped="1">
  <testcase classname="testpackage.Usertest" name="test" time="44.180"/>
  <system-out/>
  <testcase classname="testpackage.Usertest" name="validateCreateNewuser" time="0.000">
    <skipped/>
  </testcase> <!-- validateCreateNewuser -->
  <system-out/>
</testsuite> <!-- testpackage.Usertest -->
